2025-11-19 11:28:42 - automata_simulator - DEBUG - Executing command: /Users/raldhelbiro/Documents/Projects/Flask/automata-simulator-api/BACKEND/automata_sim --pattern A(CG|TT)* --k 2 --mode nfa --input /Users/raldhelbiro/Documents/Projects/C++/automata_simulator/datasets/dna/sample.txt
2025-11-19 11:28:42 - automata_simulator - DEBUG - Command arguments: ['/Users/raldhelbiro/Documents/Projects/Flask/automata-simulator-api/BACKEND/automata_sim', '--pattern', 'A(CG|TT)*', '--k', '2', '--mode', 'nfa', '--input', '/Users/raldhelbiro/Documents/Projects/C++/automata_simulator/datasets/dna/sample.txt']
2025-11-19 11:28:42 - automata_simulator - DEBUG - Command return code: 0
2025-11-19 11:28:42 - automata_simulator - DEBUG - Command stdout (first 500 chars): 
╔══════════ Automata Simulator ══════════╗
Pattern: A(CG|TT)*
Datasets: 1 sequence(s)
Automaton Mode: NFA

Sequence #1 (len=12)
  Matches: [0,1) [0,3) [4,5) [4,7) [8,9) [8,11) 
  ACGTACGTACGT
  States visited: 48

Runs: 1, Matches: 6, All accepted: no

2025-11-19 11:28:46 - automata_simulator - DEBUG - Executing command: /Users/raldhelbiro/Documents/Projects/Flask/automata-simulator-api/BACKEND/automata_sim --pattern A(CG|TT)* --trace --k 2 --mode nfa --input /Users/raldhelbiro/Documents/Projects/C++/automata_simulator/datasets/dna/sample.txt
2025-11-19 11:28:46 - automata_simulator - DEBUG - Command arguments: ['/Users/raldhelbiro/Documents/Projects/Flask/automata-simulator-api/BACKEND/automata_sim', '--pattern', 'A(CG|TT)*', '--trace', '--k', '2', '--mode', 'nfa', '--input', '/Users/raldhelbiro/Documents/Projects/C++/automata_simulator/datasets/dna/sample.txt']
2025-11-19 11:28:46 - automata_simulator - DEBUG - Command return code: 0
2025-11-19 11:28:46 - automata_simulator - DEBUG - Command stdout (first 500 chars): 
╔══════════ Automata Simulator ══════════╗
Pattern: A(CG|TT)*
Datasets: 1 sequence(s)
Automaton Mode: NFA

Sequence #1 (len=12)
[0] start=0 pos=0 states=6
[1] start=0 pos=1 states=2
[2] start=0 pos=2 states=6
[3] start=0 pos=3 states=2
[4] start=0 pos=4 states=0
[1] start=1 pos=1 states=0
[2] start=2 pos=2 states=0
[3] start=3 pos=3 states=0
[4] start=4 pos=4 states=6
[5] start=4 pos=5 states=2
[6] start=4 pos=6 states=6
[7] start=4 pos=7 states=2
[8] start=4 pos=8 states=0
[5] start=5 pos=5 st
2025-11-19 11:29:01 - automata_simulator - DEBUG - Executing command: /Users/raldhelbiro/Documents/Projects/Flask/automata-simulator-api/BACKEND/automata_sim --pattern A(CG|TT)* --trace --k 2 --mode nfa --input /Users/raldhelbiro/Documents/Projects/C++/automata_simulator/datasets/dna/sample.txt
2025-11-19 11:29:01 - automata_simulator - DEBUG - Command arguments: ['/Users/raldhelbiro/Documents/Projects/Flask/automata-simulator-api/BACKEND/automata_sim', '--pattern', 'A(CG|TT)*', '--trace', '--k', '2', '--mode', 'nfa', '--input', '/Users/raldhelbiro/Documents/Projects/C++/automata_simulator/datasets/dna/sample.txt']
2025-11-19 11:29:01 - automata_simulator - DEBUG - Command return code: 0
2025-11-19 11:29:01 - automata_simulator - DEBUG - Command stdout (first 500 chars): 
╔══════════ Automata Simulator ══════════╗
Pattern: A(CG|TT)*
Datasets: 1 sequence(s)
Automaton Mode: NFA

Sequence #1 (len=12)
[0] start=0 pos=0 states=6
[1] start=0 pos=1 states=2
[2] start=0 pos=2 states=6
[3] start=0 pos=3 states=2
[4] start=0 pos=4 states=0
[1] start=1 pos=1 states=0
[2] start=2 pos=2 states=0
[3] start=3 pos=3 states=0
[4] start=4 pos=4 states=6
[5] start=4 pos=5 states=2
[6] start=4 pos=6 states=6
[7] start=4 pos=7 states=2
[8] start=4 pos=8 states=0
[5] start=5 pos=5 st
2025-11-19 11:29:20 - automata_simulator - DEBUG - Executing command: /Users/raldhelbiro/Documents/Projects/Flask/automata-simulator-api/BACKEND/automata_sim --pattern A(CG|TT)* --k 2 --mode nfa --input /Users/raldhelbiro/Documents/Projects/C++/automata_simulator/datasets/dna/sample.txt
2025-11-19 11:29:20 - automata_simulator - DEBUG - Command arguments: ['/Users/raldhelbiro/Documents/Projects/Flask/automata-simulator-api/BACKEND/automata_sim', '--pattern', 'A(CG|TT)*', '--k', '2', '--mode', 'nfa', '--input', '/Users/raldhelbiro/Documents/Projects/C++/automata_simulator/datasets/dna/sample.txt']
2025-11-19 11:29:20 - automata_simulator - DEBUG - Command return code: 0
2025-11-19 11:29:20 - automata_simulator - DEBUG - Command stdout (first 500 chars): 
╔══════════ Automata Simulator ══════════╗
Pattern: A(CG|TT)*
Datasets: 1 sequence(s)
Automaton Mode: NFA

Sequence #1 (len=12)
  Matches: [0,1) [0,3) [4,5) [4,7) [8,9) [8,11) 
  ACGTACGTACGT
  States visited: 48

Runs: 1, Matches: 6, All accepted: no

2025-11-19 11:31:19 - automata_simulator - DEBUG - Executing command: /Users/raldhelbiro/Documents/Projects/Flask/automata-simulator-api/BACKEND/automata_sim --pattern A(CG|TT)* --k 2 --mode nfa --input /Users/raldhelbiro/Documents/Projects/C++/automata_simulator/datasets/dna/sample.txt
2025-11-19 11:31:19 - automata_simulator - DEBUG - Command arguments: ['/Users/raldhelbiro/Documents/Projects/Flask/automata-simulator-api/BACKEND/automata_sim', '--pattern', 'A(CG|TT)*', '--k', '2', '--mode', 'nfa', '--input', '/Users/raldhelbiro/Documents/Projects/C++/automata_simulator/datasets/dna/sample.txt']
2025-11-19 11:31:19 - automata_simulator - DEBUG - Command return code: 0
2025-11-19 11:31:19 - automata_simulator - DEBUG - Command stdout (first 500 chars): 
╔══════════ Automata Simulator ══════════╗
Pattern: A(CG|TT)*
Datasets: 1 sequence(s)
Automaton Mode: NFA

Sequence #1 (len=12)
  Matches: [0,1) [0,3) [4,5) [4,7) [8,9) [8,11) 
  ACGTACGTACGT
  States visited: 48

Runs: 1, Matches: 6, All accepted: no

<<<<<<< Updated upstream
2025-11-20 11:22:58 - automata_simulator - DEBUG - Executing command: /Users/raldhelbiro/Documents/Projects/Flask/automata-simulator-api/BACKEND/automata_sim --pattern A(CG|TT)* --k 2 --mode nfa --input /Users/raldhelbiro/Documents/Projects/C++/automata_simulator/datasets/dna/sample.txt
2025-11-20 11:22:58 - automata_simulator - DEBUG - Command arguments: ['/Users/raldhelbiro/Documents/Projects/Flask/automata-simulator-api/BACKEND/automata_sim', '--pattern', 'A(CG|TT)*', '--k', '2', '--mode', 'nfa', '--input', '/Users/raldhelbiro/Documents/Projects/C++/automata_simulator/datasets/dna/sample.txt']
2025-11-20 11:22:58 - automata_simulator - DEBUG - Command return code: 0
2025-11-20 11:22:58 - automata_simulator - DEBUG - Command stdout (first 500 chars): 
=======
<<<<<<< Updated upstream
2025-11-22 21:57:04 - automata_simulator - DEBUG - Executing command: /Users/raldhelbiro/Documents/Projects/Flask/automata-simulator-api/BACKEND/automata_sim --pattern A(CG|TT)* --mode dfa --input /var/folders/_v/9p39pcln3d13thjzv0qkgvg00000gn/T/tmpdncdpqph.txt --dump-automaton /var/folders/_v/9p39pcln3d13thjzv0qkgvg00000gn/T/tmpo67fp2y2.json
2025-11-22 21:57:04 - automata_simulator - DEBUG - Command arguments: ['/Users/raldhelbiro/Documents/Projects/Flask/automata-simulator-api/BACKEND/automata_sim', '--pattern', 'A(CG|TT)*', '--mode', 'dfa', '--input', '/var/folders/_v/9p39pcln3d13thjzv0qkgvg00000gn/T/tmpdncdpqph.txt', '--dump-automaton', '/var/folders/_v/9p39pcln3d13thjzv0qkgvg00000gn/T/tmpo67fp2y2.json']
2025-11-22 21:57:04 - automata_simulator - DEBUG - Command return code: 1
2025-11-22 21:57:04 - automata_simulator - DEBUG - Command stderr: Unknown or incomplete argument: --dump-automaton

=======
2025-11-22 21:48:32 - automata_simulator - DEBUG - Executing command: /Users/raldhelbiro/Documents/Projects/Flask/automata-simulator-api/BACKEND/automata_sim --pattern A(CG|TT)* --k 2 --mode nfa --input /Users/raldhelbiro/Documents/Projects/C++/automata_simulator/datasets/dna/sample.txt --dump-automaton /var/folders/_v/9p39pcln3d13thjzv0qkgvg00000gn/T/tmp2su9grxe.json
2025-11-22 21:48:32 - automata_simulator - DEBUG - Command arguments: ['/Users/raldhelbiro/Documents/Projects/Flask/automata-simulator-api/BACKEND/automata_sim', '--pattern', 'A(CG|TT)*', '--k', '2', '--mode', 'nfa', '--input', '/Users/raldhelbiro/Documents/Projects/C++/automata_simulator/datasets/dna/sample.txt', '--dump-automaton', '/var/folders/_v/9p39pcln3d13thjzv0qkgvg00000gn/T/tmp2su9grxe.json']
2025-11-22 21:48:32 - automata_simulator - DEBUG - Command return code: 1
2025-11-22 21:48:32 - automata_simulator - DEBUG - Command stderr: Unknown or incomplete argument: --dump-automaton

2025-11-22 21:48:37 - automata_simulator - DEBUG - Executing command: /Users/raldhelbiro/Documents/Projects/Flask/automata-simulator-api/BACKEND/automata_sim --pattern A(CG|TT)* --k 2 --mode nfa --input /Users/raldhelbiro/Documents/Projects/C++/automata_simulator/datasets/dna/sample.txt --dump-automaton /var/folders/_v/9p39pcln3d13thjzv0qkgvg00000gn/T/tmpqcwoa0n7.json
2025-11-22 21:48:37 - automata_simulator - DEBUG - Command arguments: ['/Users/raldhelbiro/Documents/Projects/Flask/automata-simulator-api/BACKEND/automata_sim', '--pattern', 'A(CG|TT)*', '--k', '2', '--mode', 'nfa', '--input', '/Users/raldhelbiro/Documents/Projects/C++/automata_simulator/datasets/dna/sample.txt', '--dump-automaton', '/var/folders/_v/9p39pcln3d13thjzv0qkgvg00000gn/T/tmpqcwoa0n7.json']
2025-11-22 21:48:37 - automata_simulator - DEBUG - Command return code: 1
2025-11-22 21:48:37 - automata_simulator - DEBUG - Command stderr: Unknown or incomplete argument: --dump-automaton

2025-11-22 21:49:26 - automata_simulator - DEBUG - Executing command: /Users/raldhelbiro/Documents/Projects/Flask/automata-simulator-api/BACKEND/automata_sim --pattern A(CG|TT)* --k 2 --mode nfa --input /Users/raldhelbiro/Documents/Projects/C++/automata_simulator/datasets/dna/sample.txt
2025-11-22 21:49:26 - automata_simulator - DEBUG - Command arguments: ['/Users/raldhelbiro/Documents/Projects/Flask/automata-simulator-api/BACKEND/automata_sim', '--pattern', 'A(CG|TT)*', '--k', '2', '--mode', 'nfa', '--input', '/Users/raldhelbiro/Documents/Projects/C++/automata_simulator/datasets/dna/sample.txt']
2025-11-22 21:49:26 - automata_simulator - DEBUG - Command return code: 0
2025-11-22 21:49:26 - automata_simulator - DEBUG - Command stdout (first 500 chars): 
>>>>>>> Stashed changes
╔══════════ Automata Simulator ══════════╗
Pattern: A(CG|TT)*
Datasets: 1 sequence(s)
Automaton Mode: NFA

Sequence #1 (len=12)
  Matches: [0,1) [0,3) [4,5) [4,7) [8,9) [8,11) 
  ACGTACGTACGT
  States visited: 48

Runs: 1, Matches: 6, All accepted: no

<<<<<<< Updated upstream
2025-11-20 11:24:09 - automata_simulator - DEBUG - Executing command: /Users/raldhelbiro/Documents/Projects/Flask/automata-simulator-api/BACKEND/automata_sim --pattern A(CG|TT)* --k 0 --mode nfa --input /Users/raldhelbiro/Documents/Projects/C++/automata_simulator/datasets/dna/sample.txt
2025-11-20 11:24:09 - automata_simulator - DEBUG - Command arguments: ['/Users/raldhelbiro/Documents/Projects/Flask/automata-simulator-api/BACKEND/automata_sim', '--pattern', 'A(CG|TT)*', '--k', '0', '--mode', 'nfa', '--input', '/Users/raldhelbiro/Documents/Projects/C++/automata_simulator/datasets/dna/sample.txt']
2025-11-20 11:24:09 - automata_simulator - DEBUG - Command return code: 0
2025-11-20 11:24:09 - automata_simulator - DEBUG - Command stdout (first 500 chars): 
=======
2025-11-22 21:49:26 - automata_simulator - WARNING - Failed to read automaton dump file: Expecting value: line 1 column 1 (char 0)
2025-11-22 21:50:00 - automata_simulator - DEBUG - Executing command: /Users/raldhelbiro/Documents/Projects/Flask/automata-simulator-api/BACKEND/automata_sim --pattern A(CG|TT)* --k 2 --mode nfa --input /Users/raldhelbiro/Documents/Projects/C++/automata_simulator/datasets/dna/sample.txt
2025-11-22 21:50:00 - automata_simulator - DEBUG - Command arguments: ['/Users/raldhelbiro/Documents/Projects/Flask/automata-simulator-api/BACKEND/automata_sim', '--pattern', 'A(CG|TT)*', '--k', '2', '--mode', 'nfa', '--input', '/Users/raldhelbiro/Documents/Projects/C++/automata_simulator/datasets/dna/sample.txt']
2025-11-22 21:50:00 - automata_simulator - DEBUG - Command return code: 0
2025-11-22 21:50:00 - automata_simulator - DEBUG - Command stdout (first 500 chars): 
>>>>>>> Stashed changes
╔══════════ Automata Simulator ══════════╗
Pattern: A(CG|TT)*
Datasets: 1 sequence(s)
Automaton Mode: NFA

Sequence #1 (len=12)
  Matches: [0,1) [0,3) [4,5) [4,7) [8,9) [8,11) 
  ACGTACGTACGT
  States visited: 48

Runs: 1, Matches: 6, All accepted: no

<<<<<<< Updated upstream
2025-11-20 11:26:41 - automata_simulator - DEBUG - Executing command: /Users/raldhelbiro/Documents/Projects/Flask/automata-simulator-api/BACKEND/automata_sim --pattern A(CG|TT)* --k 0 --mode nfa --input /Users/raldhelbiro/Documents/Projects/C++/automata_simulator/datasets/dna/sample.txt
2025-11-20 11:26:41 - automata_simulator - DEBUG - Command arguments: ['/Users/raldhelbiro/Documents/Projects/Flask/automata-simulator-api/BACKEND/automata_sim', '--pattern', 'A(CG|TT)*', '--k', '0', '--mode', 'nfa', '--input', '/Users/raldhelbiro/Documents/Projects/C++/automata_simulator/datasets/dna/sample.txt']
2025-11-20 11:26:41 - automata_simulator - DEBUG - Command return code: 0
2025-11-20 11:26:41 - automata_simulator - DEBUG - Command stdout (first 500 chars): 
=======
2025-11-22 21:50:00 - automata_simulator - WARNING - Failed to read automaton dump file: Expecting value: line 1 column 1 (char 0)
2025-11-22 21:50:07 - automata_simulator - DEBUG - Executing command: /Users/raldhelbiro/Documents/Projects/Flask/automata-simulator-api/BACKEND/automata_sim --pattern A(CG|TT)* --mode nfa --input /Users/raldhelbiro/Documents/Projects/C++/automata_simulator/datasets/dna/sample.txt
2025-11-22 21:50:07 - automata_simulator - DEBUG - Command arguments: ['/Users/raldhelbiro/Documents/Projects/Flask/automata-simulator-api/BACKEND/automata_sim', '--pattern', 'A(CG|TT)*', '--mode', 'nfa', '--input', '/Users/raldhelbiro/Documents/Projects/C++/automata_simulator/datasets/dna/sample.txt']
2025-11-22 21:50:07 - automata_simulator - DEBUG - Command return code: 0
2025-11-22 21:50:07 - automata_simulator - DEBUG - Command stdout (first 500 chars): 
>>>>>>> Stashed changes
╔══════════ Automata Simulator ══════════╗
Pattern: A(CG|TT)*
Datasets: 1 sequence(s)
Automaton Mode: NFA

Sequence #1 (len=12)
  Matches: [0,1) [0,3) [4,5) [4,7) [8,9) [8,11) 
  ACGTACGTACGT
  States visited: 48

Runs: 1, Matches: 6, All accepted: no

<<<<<<< Updated upstream
2025-11-20 11:28:56 - automata_simulator - DEBUG - Executing command: /Users/raldhelbiro/Documents/Projects/Flask/automata-simulator-api/BACKEND/automata_sim --pattern A(CG|TT)* --k 0 --mode nfa --input /Users/raldhelbiro/Documents/Projects/C++/automata_simulator/datasets/dna/sample.txt
2025-11-20 11:28:56 - automata_simulator - DEBUG - Command arguments: ['/Users/raldhelbiro/Documents/Projects/Flask/automata-simulator-api/BACKEND/automata_sim', '--pattern', 'A(CG|TT)*', '--k', '0', '--mode', 'nfa', '--input', '/Users/raldhelbiro/Documents/Projects/C++/automata_simulator/datasets/dna/sample.txt']
2025-11-20 11:28:56 - automata_simulator - DEBUG - Command return code: 0
2025-11-20 11:28:56 - automata_simulator - DEBUG - Command stdout (first 500 chars): 
=======
2025-11-22 21:50:07 - automata_simulator - WARNING - Failed to read automaton dump file: Expecting value: line 1 column 1 (char 0)
2025-11-22 21:50:09 - automata_simulator - DEBUG - Executing command: /Users/raldhelbiro/Documents/Projects/Flask/automata-simulator-api/BACKEND/automata_sim --pattern A(CG|TT)* --mode nfa --input /var/folders/_v/9p39pcln3d13thjzv0qkgvg00000gn/T/tmptmtof_gr.txt
2025-11-22 21:50:09 - automata_simulator - DEBUG - Command arguments: ['/Users/raldhelbiro/Documents/Projects/Flask/automata-simulator-api/BACKEND/automata_sim', '--pattern', 'A(CG|TT)*', '--mode', 'nfa', '--input', '/var/folders/_v/9p39pcln3d13thjzv0qkgvg00000gn/T/tmptmtof_gr.txt']
2025-11-22 21:50:09 - automata_simulator - DEBUG - Command return code: 0
2025-11-22 21:50:09 - automata_simulator - DEBUG - Command stdout (first 500 chars): 
>>>>>>> Stashed changes
╔══════════ Automata Simulator ══════════╗
Pattern: A(CG|TT)*
Datasets: 1 sequence(s)
Automaton Mode: NFA

Sequence #1 (len=12)
<<<<<<< Updated upstream
  Matches: [0,1) [0,3) [4,5) [4,7) [8,9) [8,11) 
  ACGTACGTACGT
  States visited: 48

Runs: 1, Matches: 6, All accepted: no

2025-11-20 11:28:56 - automata_simulator - DEBUG - Executing command: /Users/raldhelbiro/Documents/Projects/Flask/automata-simulator-api/BACKEND/automata_sim --pattern A(CG|TT)* --k 0 --mode nfa --input /Users/raldhelbiro/Documents/Projects/C++/automata_simulator/datasets/dna/sample.txt
2025-11-20 11:28:56 - automata_simulator - DEBUG - Command arguments: ['/Users/raldhelbiro/Documents/Projects/Flask/automata-simulator-api/BACKEND/automata_sim', '--pattern', 'A(CG|TT)*', '--k', '0', '--mode', 'nfa', '--input', '/Users/raldhelbiro/Documents/Projects/C++/automata_simulator/datasets/dna/sample.txt']
2025-11-20 11:28:56 - automata_simulator - DEBUG - Command return code: 0
2025-11-20 11:28:56 - automata_simulator - DEBUG - Command stdout (first 500 chars): 
╔══════════ Automata Simulator ══════════╗
Pattern: A(CG|TT)*
Datasets: 1 sequence(s)
Automaton Mode: NFA

Sequence #1 (len=12)
  Matches: [0,1) [0,3) [4,5) [4,7) [8,9) [8,11) 
  ACGTACGTACGT
  States visited: 48

Runs: 1, Matches: 6, All accepted: no

2025-11-20 11:29:02 - automata_simulator - DEBUG - Executing command: /Users/raldhelbiro/Documents/Projects/Flask/automata-simulator-api/BACKEND/automata_sim --pattern A(CG|TT)* --k 0 --mode nfa --input /Users/raldhelbiro/Documents/Projects/C++/automata_simulator/datasets/dna/sample.txt
2025-11-20 11:29:02 - automata_simulator - DEBUG - Command arguments: ['/Users/raldhelbiro/Documents/Projects/Flask/automata-simulator-api/BACKEND/automata_sim', '--pattern', 'A(CG|TT)*', '--k', '0', '--mode', 'nfa', '--input', '/Users/raldhelbiro/Documents/Projects/C++/automata_simulator/datasets/dna/sample.txt']
2025-11-20 11:29:02 - automata_simulator - DEBUG - Command return code: 0
2025-11-20 11:29:02 - automata_simulator - DEBUG - Command stdout (first 500 chars): 
╔══════════ Automata Simulator ══════════╗
Pattern: A(CG|TT)*
Datasets: 1 sequence(s)
Automaton Mode: NFA

Sequence #1 (len=12)
  Matches: [0,1) [0,3) [4,5) [4,7) [8,9) [8,11) 
  ACGTACGTACGT
  States visited: 48

Runs: 1, Matches: 6, All accepted: no

2025-11-20 11:29:10 - automata_simulator - DEBUG - Executing command: /Users/raldhelbiro/Documents/Projects/Flask/automata-simulator-api/BACKEND/automata_sim --pattern A(CG|TT)* --k 2 --mode nfa --input /Users/raldhelbiro/Documents/Projects/C++/automata_simulator/datasets/dna/sample.txt
2025-11-20 11:29:10 - automata_simulator - DEBUG - Command arguments: ['/Users/raldhelbiro/Documents/Projects/Flask/automata-simulator-api/BACKEND/automata_sim', '--pattern', 'A(CG|TT)*', '--k', '2', '--mode', 'nfa', '--input', '/Users/raldhelbiro/Documents/Projects/C++/automata_simulator/datasets/dna/sample.txt']
2025-11-20 11:29:10 - automata_simulator - DEBUG - Command return code: 0
2025-11-20 11:29:10 - automata_simulator - DEBUG - Command stdout (first 500 chars): 
╔══════════ Automata Simulator ══════════╗
Pattern: A(CG|TT)*
Datasets: 1 sequence(s)
Automaton Mode: NFA

Sequence #1 (len=12)
  Matches: [0,1) [0,3) [4,5) [4,7) [8,9) [8,11) 
  ACGTACGTACGT
  States visited: 48

Runs: 1, Matches: 6, All accepted: no

2025-11-20 11:30:13 - automata_simulator - DEBUG - Executing command: /Users/raldhelbiro/Documents/Projects/Flask/automata-simulator-api/BACKEND/automata_sim --pattern A(CG|TT)* --k 0 --mode nfa --input /Users/raldhelbiro/Documents/Projects/C++/automata_simulator/datasets/dna/sample.txt
2025-11-20 11:30:13 - automata_simulator - DEBUG - Command arguments: ['/Users/raldhelbiro/Documents/Projects/Flask/automata-simulator-api/BACKEND/automata_sim', '--pattern', 'A(CG|TT)*', '--k', '0', '--mode', 'nfa', '--input', '/Users/raldhelbiro/Documents/Projects/C++/automata_simulator/datasets/dna/sample.txt']
2025-11-20 11:30:13 - automata_simulator - DEBUG - Command return code: 0
2025-11-20 11:30:13 - automata_simulator - DEBUG - Command stdout (first 500 chars): 
╔══════════ Automata Simulator ══════════╗
Pattern: A(CG|TT)*
Datasets: 1 sequence(s)
Automaton Mode: NFA

Sequence #1 (len=12)
  Matches: [0,1) [0,3) [4,5) [4,7) [8,9) [8,11) 
  ACGTACGTACGT
  States visited: 48

Runs: 1, Matches: 6, All accepted: no

2025-11-20 11:30:57 - automata_simulator - DEBUG - Executing command: /Users/raldhelbiro/Documents/Projects/Flask/automata-simulator-api/BACKEND/automata_sim --pattern A(CG|TT)* --k 0 --mode nfa --input /Users/raldhelbiro/Documents/Projects/C++/automata_simulator/datasets/dna/sample.txt
2025-11-20 11:30:57 - automata_simulator - DEBUG - Command arguments: ['/Users/raldhelbiro/Documents/Projects/Flask/automata-simulator-api/BACKEND/automata_sim', '--pattern', 'A(CG|TT)*', '--k', '0', '--mode', 'nfa', '--input', '/Users/raldhelbiro/Documents/Projects/C++/automata_simulator/datasets/dna/sample.txt']
2025-11-20 11:30:57 - automata_simulator - DEBUG - Command return code: 0
2025-11-20 11:30:57 - automata_simulator - DEBUG - Command stdout (first 500 chars): 
╔══════════ Automata Simulator ══════════╗
Pattern: A(CG|TT)*
Datasets: 1 sequence(s)
Automaton Mode: NFA

Sequence #1 (len=12)
  Matches: [0,1) [0,3) [4,5) [4,7) [8,9) [8,11) 
  ACGTACGTACGT
  States visited: 48

Runs: 1, Matches: 6, All accepted: no

2025-11-20 11:31:51 - automata_simulator - DEBUG - Executing command: /Users/raldhelbiro/Documents/Projects/Flask/automata-simulator-api/BACKEND/automata_sim --pattern A(CG|TT)* --k 0 --mode nfa --input /Users/raldhelbiro/Documents/Projects/C++/automata_simulator/datasets/dna/sample.txt
2025-11-20 11:31:51 - automata_simulator - DEBUG - Command arguments: ['/Users/raldhelbiro/Documents/Projects/Flask/automata-simulator-api/BACKEND/automata_sim', '--pattern', 'A(CG|TT)*', '--k', '0', '--mode', 'nfa', '--input', '/Users/raldhelbiro/Documents/Projects/C++/automata_simulator/datasets/dna/sample.txt']
2025-11-20 11:31:51 - automata_simulator - DEBUG - Command return code: 0
2025-11-20 11:31:51 - automata_simulator - DEBUG - Command stdout (first 500 chars): 
╔══════════ Automata Simulator ══════════╗
Pattern: A(CG|TT)*
Datasets: 1 sequence(s)
Automaton Mode: NFA

Sequence #1 (len=12)
  Matches: [0,1) [0,3) [4,5) [4,7) [8,9) [8,11) 
  ACGTACGTACGT
  States visited: 48

Runs: 1, Matches: 6, All accepted: no

2025-11-20 11:34:25 - automata_simulator - DEBUG - Executing command: /Users/raldhelbiro/Documents/Projects/Flask/automata-simulator-api/BACKEND/automata_sim --pattern A(CG|TT)* --k 0 --mode nfa --input /Users/raldhelbiro/Documents/Projects/C++/automata_simulator/datasets/dna/sample.txt
2025-11-20 11:34:25 - automata_simulator - DEBUG - Command arguments: ['/Users/raldhelbiro/Documents/Projects/Flask/automata-simulator-api/BACKEND/automata_sim', '--pattern', 'A(CG|TT)*', '--k', '0', '--mode', 'nfa', '--input', '/Users/raldhelbiro/Documents/Projects/C++/automata_simulator/datasets/dna/sample.txt']
2025-11-20 11:34:25 - automata_simulator - DEBUG - Command return code: 0
2025-11-20 11:34:25 - automata_simulator - DEBUG - Command stdout (first 500 chars): 
╔══════════ Automata Simulator ══════════╗
Pattern: A(CG|TT)*
Datasets: 1 sequence(s)
Automaton Mode: NFA

Sequence #1 (len=12)
  Matches: [0,1) [0,3) [4,5) [4,7) [8,9) [8,11) 
  ACGTACGTACGT
  States visited: 48

Runs: 1, Matches: 6, All accepted: no

2025-11-20 11:34:30 - automata_simulator - DEBUG - Executing command: /Users/raldhelbiro/Documents/Projects/Flask/automata-simulator-api/BACKEND/automata_sim --pattern A(CG|TT)* --k 0 --mode nfa --input /var/folders/_v/9p39pcln3d13thjzv0qkgvg00000gn/T/tmpmlw4oa8_.txt
2025-11-20 11:34:30 - automata_simulator - DEBUG - Command arguments: ['/Users/raldhelbiro/Documents/Projects/Flask/automata-simulator-api/BACKEND/automata_sim', '--pattern', 'A(CG|TT)*', '--k', '0', '--mode', 'nfa', '--input', '/var/folders/_v/9p39pcln3d13thjzv0qkgvg00000gn/T/tmpmlw4oa8_.txt']
2025-11-20 11:34:30 - automata_simulator - DEBUG - Command return code: 0
2025-11-20 11:34:30 - automata_simulator - DEBUG - Command stdout (first 500 chars): 
╔══════════ Automata Simulator ══════════╗
Pattern: A(CG|TT)*
Datasets: 1 sequence(s)
Automaton Mode: NFA

Sequence #1 (len=16)
  Matches: [2,3) [2,5) [2,7) [10,11) 
  ["ACGTT","ACTT"]
  States visited: 30

Runs: 1, Matches: 4, All accepted: no

2025-11-20 11:34:58 - automata_simulator - DEBUG - Executing command: /Users/raldhelbiro/Documents/Projects/Flask/automata-simulator-api/BACKEND/automata_sim --pattern A(CG|TT)* --k 0 --mode nfa --input /Users/raldhelbiro/Documents/Projects/C++/automata_simulator/datasets/dna/sample.txt
2025-11-20 11:34:58 - automata_simulator - DEBUG - Command arguments: ['/Users/raldhelbiro/Documents/Projects/Flask/automata-simulator-api/BACKEND/automata_sim', '--pattern', 'A(CG|TT)*', '--k', '0', '--mode', 'nfa', '--input', '/Users/raldhelbiro/Documents/Projects/C++/automata_simulator/datasets/dna/sample.txt']
2025-11-20 11:34:59 - automata_simulator - DEBUG - Command return code: 0
2025-11-20 11:34:59 - automata_simulator - DEBUG - Command stdout (first 500 chars): 
╔══════════ Automata Simulator ══════════╗
Pattern: A(CG|TT)*
Datasets: 1 sequence(s)
Automaton Mode: NFA

Sequence #1 (len=12)
  Matches: [0,1) [0,3) [4,5) [4,7) [8,9) [8,11) 
  ACGTACGTACGT
  States visited: 48

Runs: 1, Matches: 6, All accepted: no

=======
  Matches: [2,3) [2,5) [6,7) [6,9) 
  ["ACGTACGT"]
  States visited: 32

Runs: 1, Matches: 4, All accepted: no

2025-11-22 21:50:09 - automata_simulator - WARNING - Failed to read automaton dump file: Expecting value: line 1 column 1 (char 0)
>>>>>>> Stashed changes
2025-11-22 21:59:38 - automata_simulator - WARNING - Failed to read automaton dump file: Expecting value: line 1 column 1 (char 0)
2025-11-22 22:02:47 - automata_simulator - WARNING - Failed to read automaton dump file: Expecting value: line 1 column 1 (char 0)
2025-11-22 22:04:41 - automata_simulator - WARNING - Binary doesn't support --dump-automaton flag, retrying without it
2025-11-22 22:04:46 - automata_simulator - WARNING - Binary doesn't support --dump-automaton flag, retrying without it
2025-11-22 22:05:47 - automata_simulator - WARNING - Binary doesn't support --dump-automaton flag, retrying without it
>>>>>>> Stashed changes
